[2021-06-01 13:45:17.424] [exthost] [info] extension host started
[2021-06-01 13:45:17.500] [exthost] [info] ExtensionService#_doActivateExtension vscode.microsoft-authentication {"startup":false,"extensionId":{"value":"vscode.microsoft-authentication","_lower":"vscode.microsoft-authentication"},"activationEvent":"onAuthenticationRequest:microsoft"}
[2021-06-01 13:45:17.501] [exthost] [info] ExtensionService#loadCommonJSModule file:///opt/vscode/resources/app/extensions/microsoft-authentication/dist/extension.js
[2021-06-01 13:45:17.520] [exthost] [info] ExtensionService#_doActivateExtension vscode.debug-auto-launch {"startup":true,"extensionId":{"value":"vscode.debug-auto-launch","_lower":"vscode.debug-auto-launch"},"activationEvent":"*"}
[2021-06-01 13:45:17.521] [exthost] [info] ExtensionService#loadCommonJSModule file:///opt/vscode/resources/app/extensions/debug-auto-launch/dist/extension
[2021-06-01 13:45:17.524] [exthost] [info] ExtensionService#_doActivateExtension vscode.git {"startup":true,"extensionId":{"value":"vscode.github","_lower":"vscode.github"},"activationEvent":"*"}
[2021-06-01 13:45:17.524] [exthost] [info] ExtensionService#loadCommonJSModule file:///opt/vscode/resources/app/extensions/git/dist/main
[2021-06-01 13:45:17.593] [exthost] [info] ExtensionService#_doActivateExtension vscode.npm {"startup":true,"extensionId":{"value":"vscode.npm","_lower":"vscode.npm"},"activationEvent":"workspaceContains:package.json"}
[2021-06-01 13:45:17.593] [exthost] [info] ExtensionService#loadCommonJSModule file:///opt/vscode/resources/app/extensions/npm/dist/npmMain
[2021-06-01 13:45:17.659] [exthost] [info] ExtensionService#_doActivateExtension vscode.github {"startup":true,"extensionId":{"value":"vscode.github","_lower":"vscode.github"},"activationEvent":"*"}
[2021-06-01 13:45:17.659] [exthost] [info] ExtensionService#loadCommonJSModule file:///opt/vscode/resources/app/extensions/github/dist/extension.js
[2021-06-01 13:45:17.783] [exthost] [info] ExtensionService#_doActivateExtension ms-vscode.js-debug {"startup":false,"extensionId":{"value":"ms-vscode.js-debug","_lower":"ms-vscode.js-debug"},"activationEvent":"onCommand:extension.js-debug.clearAutoAttachVariables"}
[2021-06-01 13:45:17.784] [exthost] [info] ExtensionService#loadCommonJSModule file:///opt/vscode/resources/app/extensions/ms-vscode.js-debug/src/extension.js
[2021-06-01 13:45:18.554] [exthost] [info] ExtensionService#_doActivateExtension vscode.github-authentication {"startup":false,"extensionId":{"value":"vscode.github-authentication","_lower":"vscode.github-authentication"},"activationEvent":"onAuthenticationRequest:github"}
[2021-06-01 13:45:18.554] [exthost] [info] ExtensionService#loadCommonJSModule file:///opt/vscode/resources/app/extensions/github-authentication/dist/extension.js
[2021-06-01 13:45:18.607] [exthost] [info] eager extensions activated
[2021-06-01 13:45:18.739] [exthost] [info] ExtensionService#_doActivateExtension vscode.emmet {"startup":false,"extensionId":{"value":"vscode.emmet","_lower":"vscode.emmet"},"activationEvent":"onStartupFinished"}
[2021-06-01 13:45:18.740] [exthost] [info] ExtensionService#loadCommonJSModule file:///opt/vscode/resources/app/extensions/emmet/dist/node/emmetNodeMain
[2021-06-01 13:45:18.803] [exthost] [info] ExtensionService#_doActivateExtension vscode.merge-conflict {"startup":false,"extensionId":{"value":"vscode.merge-conflict","_lower":"vscode.merge-conflict"},"activationEvent":"onStartupFinished"}
[2021-06-01 13:45:18.803] [exthost] [info] ExtensionService#loadCommonJSModule file:///opt/vscode/resources/app/extensions/merge-conflict/dist/mergeConflictMain
[2021-06-01 13:45:18.810] [exthost] [info] ExtensionService#_doActivateExtension vscode.testing-editor-contributions {"startup":false,"extensionId":{"value":"vscode.testing-editor-contributions","_lower":"vscode.testing-editor-contributions"},"activationEvent":"onStartupFinished"}
[2021-06-01 13:45:18.810] [exthost] [info] ExtensionService#loadCommonJSModule file:///opt/vscode/resources/app/extensions/testing-editor-contributions/dist/extension.js
[2021-06-01 13:45:39.278] [exthost] [info] ExtensionService#_doActivateExtension vscode.typescript-language-features {"startup":false,"extensionId":{"value":"vscode.typescript-language-features","_lower":"vscode.typescript-language-features"},"activationEvent":"onLanguage:javascript"}
[2021-06-01 13:45:39.279] [exthost] [info] ExtensionService#loadCommonJSModule file:///opt/vscode/resources/app/extensions/typescript-language-features/dist/extension
[2021-06-01 13:50:12.770] [exthost] [info] ExtensionService#_doActivateExtension vscode.extension-editing {"startup":false,"extensionId":{"value":"vscode.extension-editing","_lower":"vscode.extension-editing"},"activationEvent":"onLanguage:typescript"}
[2021-06-01 13:50:12.770] [exthost] [info] ExtensionService#loadCommonJSModule file:///opt/vscode/resources/app/extensions/extension-editing/dist/extensionEditingMain
