[2021-06-02 09:12:50.620] [exthost] [info] extension host started
[2021-06-02 09:12:51.635] [exthost] [info] ExtensionService#_doActivateExtension vscode.microsoft-authentication {"startup":false,"extensionId":{"value":"vscode.microsoft-authentication","_lower":"vscode.microsoft-authentication"},"activationEvent":"onAuthenticationRequest:microsoft"}
[2021-06-02 09:12:51.635] [exthost] [info] ExtensionService#loadCommonJSModule file:///opt/vscode/resources/app/extensions/microsoft-authentication/dist/extension.js
[2021-06-02 09:12:51.712] [exthost] [info] ExtensionService#_doActivateExtension vscode.typescript-language-features {"startup":false,"extensionId":{"value":"vscode.typescript-language-features","_lower":"vscode.typescript-language-features"},"activationEvent":"onLanguage:javascript"}
[2021-06-02 09:12:51.713] [exthost] [info] ExtensionService#loadCommonJSModule file:///opt/vscode/resources/app/extensions/typescript-language-features/dist/extension
[2021-06-02 09:12:51.798] [exthost] [info] ExtensionService#_doActivateExtension vscode.debug-auto-launch {"startup":true,"extensionId":{"value":"vscode.debug-auto-launch","_lower":"vscode.debug-auto-launch"},"activationEvent":"*"}
[2021-06-02 09:12:51.799] [exthost] [info] ExtensionService#loadCommonJSModule file:///opt/vscode/resources/app/extensions/debug-auto-launch/dist/extension
[2021-06-02 09:12:51.838] [exthost] [info] ExtensionService#_doActivateExtension vscode.git {"startup":true,"extensionId":{"value":"vscode.github","_lower":"vscode.github"},"activationEvent":"*"}
[2021-06-02 09:12:51.838] [exthost] [info] ExtensionService#loadCommonJSModule file:///opt/vscode/resources/app/extensions/git/dist/main
[2021-06-02 09:12:51.948] [exthost] [info] ExtensionService#_doActivateExtension vscode.npm {"startup":true,"extensionId":{"value":"vscode.npm","_lower":"vscode.npm"},"activationEvent":"workspaceContains:package.json"}
[2021-06-02 09:12:51.949] [exthost] [info] ExtensionService#loadCommonJSModule file:///opt/vscode/resources/app/extensions/npm/dist/npmMain
[2021-06-02 09:12:53.286] [exthost] [warning] [Decorations] CAPPING events from decorations provider vscode.git 400
[2021-06-02 09:12:55.220] [exthost] [info] ExtensionService#_doActivateExtension vscode.github {"startup":true,"extensionId":{"value":"vscode.github","_lower":"vscode.github"},"activationEvent":"*"}
[2021-06-02 09:12:55.222] [exthost] [info] ExtensionService#loadCommonJSModule file:///opt/vscode/resources/app/extensions/github/dist/extension.js
[2021-06-02 09:12:58.096] [exthost] [info] ExtensionService#_doActivateExtension ms-vscode.js-debug {"startup":false,"extensionId":{"value":"ms-vscode.js-debug","_lower":"ms-vscode.js-debug"},"activationEvent":"onCommand:extension.js-debug.clearAutoAttachVariables"}
[2021-06-02 09:12:58.097] [exthost] [info] ExtensionService#loadCommonJSModule file:///opt/vscode/resources/app/extensions/ms-vscode.js-debug/src/extension.js
[2021-06-02 09:12:59.473] [exthost] [info] eager extensions activated
[2021-06-02 09:13:00.069] [exthost] [info] ExtensionService#_doActivateExtension vscode.configuration-editing {"startup":false,"extensionId":{"value":"vscode.configuration-editing","_lower":"vscode.configuration-editing"},"activationEvent":"onLanguage:json"}
[2021-06-02 09:13:00.069] [exthost] [info] ExtensionService#loadCommonJSModule file:///opt/vscode/resources/app/extensions/configuration-editing/dist/configurationEditingMain
[2021-06-02 09:13:00.121] [exthost] [info] ExtensionService#_doActivateExtension vscode.extension-editing {"startup":false,"extensionId":{"value":"vscode.extension-editing","_lower":"vscode.extension-editing"},"activationEvent":"onLanguage:json"}
[2021-06-02 09:13:00.135] [exthost] [info] ExtensionService#loadCommonJSModule file:///opt/vscode/resources/app/extensions/extension-editing/dist/extensionEditingMain
[2021-06-02 09:13:00.175] [exthost] [info] ExtensionService#_doActivateExtension vscode.json-language-features {"startup":false,"extensionId":{"value":"vscode.json-language-features","_lower":"vscode.json-language-features"},"activationEvent":"onLanguage:json"}
[2021-06-02 09:13:00.176] [exthost] [info] ExtensionService#loadCommonJSModule file:///opt/vscode/resources/app/extensions/json-language-features/client/dist/node/jsonClientMain
[2021-06-02 09:13:00.348] [exthost] [info] ExtensionService#_doActivateExtension vscode.github-authentication {"startup":false,"extensionId":{"value":"vscode.github-authentication","_lower":"vscode.github-authentication"},"activationEvent":"onAuthenticationRequest:github"}
[2021-06-02 09:13:00.350] [exthost] [info] ExtensionService#loadCommonJSModule file:///opt/vscode/resources/app/extensions/github-authentication/dist/extension.js
[2021-06-02 09:13:00.412] [exthost] [info] ExtensionService#_doActivateExtension vscode.emmet {"startup":false,"extensionId":{"value":"vscode.emmet","_lower":"vscode.emmet"},"activationEvent":"onStartupFinished"}
[2021-06-02 09:13:00.414] [exthost] [info] ExtensionService#loadCommonJSModule file:///opt/vscode/resources/app/extensions/emmet/dist/node/emmetNodeMain
[2021-06-02 09:13:00.464] [exthost] [info] ExtensionService#_doActivateExtension vscode.merge-conflict {"startup":false,"extensionId":{"value":"vscode.merge-conflict","_lower":"vscode.merge-conflict"},"activationEvent":"onStartupFinished"}
[2021-06-02 09:13:00.468] [exthost] [info] ExtensionService#loadCommonJSModule file:///opt/vscode/resources/app/extensions/merge-conflict/dist/mergeConflictMain
[2021-06-02 09:13:00.492] [exthost] [info] ExtensionService#_doActivateExtension vscode.testing-editor-contributions {"startup":false,"extensionId":{"value":"vscode.testing-editor-contributions","_lower":"vscode.testing-editor-contributions"},"activationEvent":"onStartupFinished"}
[2021-06-02 09:13:00.492] [exthost] [info] ExtensionService#loadCommonJSModule file:///opt/vscode/resources/app/extensions/testing-editor-contributions/dist/extension.js
